2020-08-21 02:25:11 +0000  Initial pipeline context: <IDEDistributionProcessingPipelineContext: 0x7fd3f29caaa0; archive(resolved)='<IDEArchive: 0x7fd4119aa5a0>', distributionTask(resolved)='2', distributionDestination(resolved)='2', distributionMethod(resolved)='<IDEDistributionMethodiOSAppStoreDistribution: 0x7fd3ec74ed20>', team(resolved)='<IDEProvisioningDisambiguatableBasicTeam: 0x7fd40ae85f90; teamID='PK7HCG46US', teamName='Isaac Lyons', teamType='Individual', username='drajonknives@gmail.com', isFreeProvisioningTeam='0'>'>
	Chain (13, self inclusive):
	<IDEDistributionProcessingPipelineContext: 0x7fd3f29caaa0; archive = '<IDEArchive: 0x7fd4119aa5a0>', distributionMethod='<IDEDistributionMethodiOSAppStoreDistribution: 0x7fd3ec74ed20>', team='<IDEProvisioningDisambiguatableBasicTeam: 0x7fd40ae85f90; teamID='PK7HCG46US', teamName='Isaac Lyons', teamType='Individual', username='drajonknives@gmail.com', isFreeProvisioningTeam='0'>'>
	<IDEDistributionProcessingPipelineContext: 0x7fd3ec7d2b70; archive = '<IDEArchive: 0x7fd4119aa5a0>', distributionMethod='<IDEDistributionMethodiOSAppStoreDistribution: 0x7fd3ec74ed20>', team='<IDEProvisioningDisambiguatableBasicTeam: 0x7fd40ae85f90; teamID='PK7HCG46US', teamName='Isaac Lyons', teamType='Individual', username='drajonknives@gmail.com', isFreeProvisioningTeam='0'>'>
	<IDEDistributionContext: 0x7fd3ed2e9fa0; archive = '<IDEArchive: 0x7fd4119aa5a0>', distributionMethod='<IDEDistributionMethodiOSAppStoreDistribution: 0x7fd3ec74ed20>', team='<IDEProvisioningDisambiguatableBasicTeam: 0x7fd40ae85f90; teamID='PK7HCG46US', teamName='Isaac Lyons', teamType='Individual', username='drajonknives@gmail.com', isFreeProvisioningTeam='0'>'>
	<IDEDistributionContext: 0x7fd3f2198690; archive = '<IDEArchive: 0x7fd4119aa5a0>', distributionMethod='<IDEDistributionMethodiOSAppStoreDistribution: 0x7fd3ec74ed20>', team='<IDEProvisioningDisambiguatableBasicTeam: 0x7fd40ae85f90; teamID='PK7HCG46US', teamName='Isaac Lyons', teamType='Individual', username='drajonknives@gmail.com', isFreeProvisioningTeam='0'>'>
	<IDEDistributionContext: 0x7fd3f23c7b00; archive = '<IDEArchive: 0x7fd4119aa5a0>', distributionMethod='<IDEDistributionMethodiOSAppStoreDistribution: 0x7fd3ec74ed20>', team='<IDEProvisioningDisambiguatableBasicTeam: 0x7fd40ae85f90; teamID='PK7HCG46US', teamName='Isaac Lyons', teamType='Individual', username='drajonknives@gmail.com', isFreeProvisioningTeam='0'>'>
	<IDEDistributionContext: 0x7fd3ef0961d0; archive = '<IDEArchive: 0x7fd4119aa5a0>', distributionMethod='<IDEDistributionMethodiOSAppStoreDistribution: 0x7fd3ec74ed20>', team='<IDEProvisioningDisambiguatableBasicTeam: 0x7fd40ae85f90; teamID='PK7HCG46US', teamName='Isaac Lyons', teamType='Individual', username='drajonknives@gmail.com', isFreeProvisioningTeam='0'>'>
	<IDEDistributionContext: 0x7fd412eb1a70; archive = '<IDEArchive: 0x7fd4119aa5a0>', distributionMethod='<IDEDistributionMethodiOSAppStoreDistribution: 0x7fd3ec74ed20>', team='<IDEProvisioningDisambiguatableBasicTeam: 0x7fd40ae85f90; teamID='PK7HCG46US', teamName='Isaac Lyons', teamType='Individual', username='drajonknives@gmail.com', isFreeProvisioningTeam='0'>'>
	<IDEDistributionContext: 0x7fd3eab6f9b0; archive = '<IDEArchive: 0x7fd4119aa5a0>', distributionMethod='<IDEDistributionMethodiOSAppStoreDistribution: 0x7fd3ec74ed20>', team='<IDEProvisioningDisambiguatableBasicTeam: 0x7fd40ae85f90; teamID='PK7HCG46US', teamName='Isaac Lyons', teamType='Individual', username='drajonknives@gmail.com', isFreeProvisioningTeam='0'>'>
	<IDEDistributionContext: 0x7fd3eabe0410; archive = '<IDEArchive: 0x7fd4119aa5a0>', distributionMethod='<IDEDistributionMethodiOSAppStoreDistribution: 0x7fd3ec74ed20>', team='<IDEProvisioningDisambiguatableBasicTeam: 0x7fd40ae85f90; teamID='PK7HCG46US', teamName='Isaac Lyons', teamType='Individual', username='drajonknives@gmail.com', isFreeProvisioningTeam='0'>'>
	<IDEDistributionContext: 0x7fd3ed421c90; archive = '<IDEArchive: 0x7fd4119aa5a0>', distributionMethod='<IDEDistributionMethodiOSAppStoreDistribution: 0x7fd3ec74ed20>', team='<IDEProvisioningDisambiguatableBasicTeam: 0x7fd40ae85f90; teamID='PK7HCG46US', teamName='Isaac Lyons', teamType='Individual', username='drajonknives@gmail.com', isFreeProvisioningTeam='0'>'>
	<IDEDistributionContext: 0x7fd3eebe07c0; archive = '<IDEArchive: 0x7fd4119aa5a0>', distributionMethod='<IDEDistributionMethodiOSAppStoreDistribution: 0x7fd3ec74ed20>', team='(null)'>
	<IDEDistributionContext: 0x7fd3eed438d0; archive = '<IDEArchive: 0x7fd4119aa5a0>', distributionMethod='<IDEDistributionMethodiOSAppStoreDistribution: 0x7fd3ec74ed20>', team='(null)'>
	<IDEDistributionContext: 0x7fd3ec8b4cb0; archive = '<IDEArchive: 0x7fd4119aa5a0>', distributionMethod='(null)', team='(null)'>
</IDEDistributionProcessingPipelineContext: 0x7fd3f29caaa0>
2020-08-21 02:25:11 +0000  Processing step: IDEDistributionCreateDestRootStep
2020-08-21 02:25:11 +0000  Processing step: IDEDistributionCopyItemStep
2020-08-21 02:25:11 +0000  Running /usr/bin/ditto '-V' '/Users/snow/Library/Developer/Xcode/Archives/2020-08-20/I Got Gas 8-20-20, 10.24 PM.xcarchive/Products/Applications/I Got Gas.app' '/var/folders/31/3tqbh_8d1793tw5s_vr4f15h0000gn/T/XcodeDistPipeline.~~~SempJA/Root/Payload/I Got Gas.app'
2020-08-21 02:25:11 +0000  >>> Copying /Users/snow/Library/Developer/Xcode/Archives/2020-08-20/I Got Gas 8-20-20, 10.24 PM.xcarchive/Products/Applications/I Got Gas.app 
2020-08-21 02:25:11 +0000  copying file ./_CodeSignature/CodeResources ... 
2020-08-21 02:25:11 +0000  5951 bytes for ./_CodeSignature/CodeResources
2020-08-21 02:25:11 +0000  copying file ./AppIcon60x60@2x.png ... 
2020-08-21 02:25:11 +0000  5183 bytes for ./AppIcon60x60@2x.png
copying file ./Makes.txt ... 
2020-08-21 02:25:11 +0000  797 bytes for ./Makes.txt
2020-08-21 02:25:11 +0000  copying file ./Base.lproj/LaunchScreen.storyboardc/01J-lp-oVM-view-Ze5-6b-2t3.nib ... 
2020-08-21 02:25:11 +0000  1197 bytes for ./Base.lproj/LaunchScreen.storyboardc/01J-lp-oVM-view-Ze5-6b-2t3.nib
copying file ./Base.lproj/LaunchScreen.storyboardc/UIViewController-01J-lp-oVM.nib ... 
2020-08-21 02:25:11 +0000  896 bytes for ./Base.lproj/LaunchScreen.storyboardc/UIViewController-01J-lp-oVM.nib
copying file ./Base.lproj/LaunchScreen.storyboardc/Info.plist ... 
2020-08-21 02:25:11 +0000  258 bytes for ./Base.lproj/LaunchScreen.storyboardc/Info.plist
2020-08-21 02:25:11 +0000  copying file ./I_Got_Gas.momd/VersionInfo.plist ... 
2020-08-21 02:25:11 +0000  405 bytes for ./I_Got_Gas.momd/VersionInfo.plist
2020-08-21 02:25:11 +0000  copying file ./I_Got_Gas.momd/I_Got_Gas.mom ... 
2020-08-21 02:25:11 +0000  6859 bytes for ./I_Got_Gas.momd/I_Got_Gas.mom
2020-08-21 02:25:11 +0000  copying file ./I_Got_Gas.momd/I_Got_Gas.omo ... 
2020-08-21 02:25:11 +0000  14880 bytes for ./I_Got_Gas.momd/I_Got_Gas.omo
2020-08-21 02:25:11 +0000  copying file ./Assets.car ... 
2020-08-21 02:25:11 +0000  189599 bytes for ./Assets.car
2020-08-21 02:25:11 +0000  copying file ./I Got Gas ... 
2020-08-21 02:25:11 +0000  2681024 bytes for ./I Got Gas
2020-08-21 02:25:11 +0000  copying file ./Rest Client/VehicleAPIClient.swift ... 
363 bytes for ./Rest Client/VehicleAPIClient.swift
copying file ./Rest Client/Models/NHTSAResponse.swift ... 
2020-08-21 02:25:11 +0000  384 bytes for ./Rest Client/Models/NHTSAResponse.swift
2020-08-21 02:25:11 +0000  copying file ./Rest Client/Models/VINProperty.swift ... 
2020-08-21 02:25:11 +0000  334 bytes for ./Rest Client/Models/VINProperty.swift
2020-08-21 02:25:11 +0000  copying file ./Rest Client/Models/APIRequest.swift ... 
2020-08-21 02:25:11 +0000  499 bytes for ./Rest Client/Models/APIRequest.swift
2020-08-21 02:25:11 +0000  copying file ./Rest Client/Models/ResultsContainer.swift ... 
2020-08-21 02:25:11 +0000  172 bytes for ./Rest Client/Models/ResultsContainer.swift
2020-08-21 02:25:11 +0000  copying file ./Rest Client/Requests/VINDecode.swift ... 
2020-08-21 02:25:11 +0000  652 bytes for ./Rest Client/Requests/VINDecode.swift
2020-08-21 02:25:11 +0000  copying file ./embedded.mobileprovision ... 
2020-08-21 02:25:11 +0000  9414 bytes for ./embedded.mobileprovision
2020-08-21 02:25:11 +0000  copying file ./Info.plist ... 
2020-08-21 02:25:11 +0000  1508 bytes for ./Info.plist
copying file ./PkgInfo ... 
2020-08-21 02:25:11 +0000  8 bytes for ./PkgInfo
2020-08-21 02:25:11 +0000  /usr/bin/ditto exited with 0
2020-08-21 02:25:11 +0000  Processing step: IDEDistributionEmbedProfileStep
2020-08-21 02:25:11 +0000  Processing step: IDEDistributionInfoPlistStep
2020-08-21 02:25:11 +0000  Skipping step: IDEDistributionInfoPlistStep because it said so
2020-08-21 02:25:11 +0000  Processing step: IDEDistributionItemRemovalStep
2020-08-21 02:25:11 +0000  Processing step: IDEDistributionAppThinningPlistStep
2020-08-21 02:25:11 +0000  Skipping step: IDEDistributionAppThinningPlistStep because it said so
2020-08-21 02:25:11 +0000  Processing step: IDEDistributionCompileBitcodeStep
2020-08-21 02:25:11 +0000  Skipping step: IDEDistributionCompileBitcodeStep because it said so
2020-08-21 02:25:11 +0000  Processing step: IDEDistributionCodeSlimmingStep
2020-08-21 02:25:11 +0000  Running /Users/snow/Downloads/Xcode-beta 2.app/Contents/Developer/Toolchains/XcodeDefault.xctoolchain/usr/bin/bitcode_strip '/var/folders/31/3tqbh_8d1793tw5s_vr4f15h0000gn/T/XcodeDistPipeline.~~~SempJA/Root/Payload/I Got Gas.app/I Got Gas' '-l' '-o' '/var/folders/31/3tqbh_8d1793tw5s_vr4f15h0000gn/T/XcodeDistPipeline.~~~SempJA/Root/Payload/I Got Gas.app/I Got Gas'
2020-08-21 02:25:11 +0000  /Users/snow/Downloads/Xcode-beta 2.app/Contents/Developer/Toolchains/XcodeDefault.xctoolchain/usr/bin/bitcode_strip exited with 0
2020-08-21 02:25:11 +0000  Processing step: IDEDistributionCopyBCSymbolMapsStep
2020-08-21 02:25:11 +0000  Running /usr/bin/ditto '-V' '/Users/snow/Library/Developer/Xcode/Archives/2020-08-20/I Got Gas 8-20-20, 10.24 PM.xcarchive/BCSymbolMaps/B7EE0F15-BAB3-34B9-B48D-695D9A87B4AE.bcsymbolmap' '/var/folders/31/3tqbh_8d1793tw5s_vr4f15h0000gn/T/XcodeDistPipeline.~~~SempJA/Root/BCSymbolMaps/B7EE0F15-BAB3-34B9-B48D-695D9A87B4AE.bcsymbolmap'
2020-08-21 02:25:11 +0000  >>> Copying /Users/snow/Library/Developer/Xcode/Archives/2020-08-20/I Got Gas 8-20-20, 10.24 PM.xcarchive/BCSymbolMaps/B7EE0F15-BAB3-34B9-B48D-695D9A87B4AE.bcsymbolmap 
2020-08-21 02:25:11 +0000  copying file ./B7EE0F15-BAB3-34B9-B48D-695D9A87B4AE.bcsymbolmap ... 
2020-08-21 02:25:11 +0000  582017 bytes for ./B7EE0F15-BAB3-34B9-B48D-695D9A87B4AE.bcsymbolmap
2020-08-21 02:25:11 +0000  /usr/bin/ditto exited with 0
2020-08-21 02:25:11 +0000  Processing step: IDEDistributionSymbolsStep
2020-08-21 02:25:11 +0000  Excluding symbols for I Got Gas.app
2020-08-21 02:25:11 +0000  Processing step: IDEDistributionCopyAppleProvidedContentStep
2020-08-21 02:25:11 +0000  Processing step: IDEDistributionAppThinningStep
2020-08-21 02:25:11 +0000  Skipping step: IDEDistributionAppThinningStep because it said so
2020-08-21 02:25:11 +0000  Processing step: IDEDistributionArchThinningStep
2020-08-21 02:25:11 +0000  Running /Users/snow/Downloads/Xcode-beta 2.app/Contents/Developer/Toolchains/XcodeDefault.xctoolchain/usr/bin/lipo '/var/folders/31/3tqbh_8d1793tw5s_vr4f15h0000gn/T/XcodeDistPipeline.~~~SempJA/Root/Payload/I Got Gas.app/I Got Gas' '-verify_arch' 'arm64e'
2020-08-21 02:25:11 +0000  /Users/snow/Downloads/Xcode-beta 2.app/Contents/Developer/Toolchains/XcodeDefault.xctoolchain/usr/bin/lipo exited with 1
2020-08-21 02:25:11 +0000  Skipping architecture thinning for item "I Got Gas" because arch "arm64e" wasn't found
2020-08-21 02:25:11 +0000  Processing step: IDEDistributionODRStep
2020-08-21 02:25:11 +0000  Processing step: IDEDistributionStripXattrsStep
2020-08-21 02:25:11 +0000  Running /usr/bin/xattr '-crs' '/var/folders/31/3tqbh_8d1793tw5s_vr4f15h0000gn/T/XcodeDistPipeline.~~~SempJA/Root/Payload/I Got Gas.app'
2020-08-21 02:25:12 +0000  /usr/bin/xattr exited with 0
2020-08-21 02:25:12 +0000  Processing step: IDEDistributionCodesignStep
2020-08-21 02:25:12 +0000  Entitlements for <IDEDistributionItem: 0x7fd3e9c57600; bundleID='com.blizzardskeleton.IGotGas', path='<DVTFilePath:0x7fd411aff190:'/Users/snow/Library/Developer/Xcode/Archives/2020-08-20/I Got Gas 8-20-20, 10.24 PM.xcarchive/Products/Applications/I Got Gas.app'>', codeSigningInfo='<_DVTCodeSigningInformation_Path: 0x7fd3eabd3560; isSigned='1', isAdHocSigned='0', signingCertificate='<DVTSigningCertificate: 0x7fd3eabf8490; name='Apple Development: drajonknives@gmail.com (5F729RUP4F)', hash='E02E57E7C7912E6B712223F99C3F203B21174F9A', serialNumber='<DVTSigningCertificateSerialNumber: 0x7fd3ea0180c0>', certificateKinds='(
    "1.2.840.113635.100.6.1.12",
    "1.2.840.113635.100.6.1.2"
), issueDate='2020-07-22 22:59:07 +0000''>', entitlements='{
    "application-identifier" = "PK7HCG46US.com.blizzardskeleton.IGotGas";
    "com.apple.developer.team-identifier" = PK7HCG46US;
    "get-task-allow" = 1;
    "keychain-access-groups" =     (
        "PK7HCG46US.com.blizzardskeleton.IGotGas"
    );
}', teamID='PK7HCG46US', identifier='com.blizzardskeleton.IGotGas', executablePath='<DVTFilePath:0x7fd3ed179ba0:'/Users/snow/Library/Developer/Xcode/Archives/2020-08-20/I Got Gas 8-20-20, 10.24 PM.xcarchive/Products/Applications/I Got Gas.app/I Got Gas'>', hardenedRuntime='0'>'>: {
    "application-identifier" = "PK7HCG46US.com.blizzardskeleton.IGotGas";
    "beta-reports-active" = 1;
    "com.apple.developer.team-identifier" = PK7HCG46US;
    "get-task-allow" = 0;
    "keychain-access-groups" =     (
        "PK7HCG46US.com.blizzardskeleton.IGotGas"
    );
}
2020-08-21 02:25:12 +0000  Writing entitlements for <IDEDistributionItem: 0x7fd3e9c57600; bundleID='com.blizzardskeleton.IGotGas', path='<DVTFilePath:0x7fd411aff190:'/Users/snow/Library/Developer/Xcode/Archives/2020-08-20/I Got Gas 8-20-20, 10.24 PM.xcarchive/Products/Applications/I Got Gas.app'>', codeSigningInfo='<_DVTCodeSigningInformation_Path: 0x7fd3eabd3560; isSigned='1', isAdHocSigned='0', signingCertificate='<DVTSigningCertificate: 0x7fd3ed0fddd0; name='Apple Development: drajonknives@gmail.com (5F729RUP4F)', hash='E02E57E7C7912E6B712223F99C3F203B21174F9A', serialNumber='<DVTSigningCertificateSerialNumber: 0x7fd3ed00c440>', certificateKinds='(
    "1.2.840.113635.100.6.1.12",
    "1.2.840.113635.100.6.1.2"
), issueDate='2020-07-22 22:59:07 +0000''>', entitlements='{
    "application-identifier" = "PK7HCG46US.com.blizzardskeleton.IGotGas";
    "com.apple.developer.team-identifier" = PK7HCG46US;
    "get-task-allow" = 1;
    "keychain-access-groups" =     (
        "PK7HCG46US.com.blizzardskeleton.IGotGas"
    );
}', teamID='PK7HCG46US', identifier='com.blizzardskeleton.IGotGas', executablePath='<DVTFilePath:0x7fd3ed179ba0:'/Users/snow/Library/Developer/Xcode/Archives/2020-08-20/I Got Gas 8-20-20, 10.24 PM.xcarchive/Products/Applications/I Got Gas.app/I Got Gas'>', hardenedRuntime='0'>'> to: /var/folders/31/3tqbh_8d1793tw5s_vr4f15h0000gn/T/XcodeDistPipeline.~~~SempJA/entitlements~~~6bP97F
2020-08-21 02:25:12 +0000  Running /usr/bin/codesign '-vvv' '--force' '--sign' '3838A189714DBBD1B6051CD9E193E6A19DE08560' '--entitlements' '/var/folders/31/3tqbh_8d1793tw5s_vr4f15h0000gn/T/XcodeDistPipeline.~~~SempJA/entitlements~~~6bP97F' '--preserve-metadata=identifier,flags,runtime' '/var/folders/31/3tqbh_8d1793tw5s_vr4f15h0000gn/T/XcodeDistPipeline.~~~SempJA/Root/Payload/I Got Gas.app'
2020-08-21 02:25:12 +0000  /var/folders/31/3tqbh_8d1793tw5s_vr4f15h0000gn/T/XcodeDistPipeline.~~~SempJA/Root/Payload/I Got Gas.app: signed app bundle with Mach-O thin (arm64) [com.blizzardskeleton.IGotGas]
2020-08-21 02:25:12 +0000  /usr/bin/codesign exited with 0
2020-08-21 02:25:12 +0000  Processing step: IDEDistributionZipODRItemStep
2020-08-21 02:25:12 +0000  Skipping step: IDEDistributionZipODRItemStep because it said so
2020-08-21 02:25:12 +0000  Processing step: IDEDistributionCreateIPAStep
2020-08-21 02:25:12 +0000  Running /usr/bin/ditto '-V' '-c' '-k' '--norsrc' '/var/folders/31/3tqbh_8d1793tw5s_vr4f15h0000gn/T/XcodeDistPipeline.~~~SempJA/Root' '/var/folders/31/3tqbh_8d1793tw5s_vr4f15h0000gn/T/XcodeDistPipeline.~~~SempJA/Packages/I Got Gas.ipa'
2020-08-21 02:25:12 +0000  >>> Copying /var/folders/31/3tqbh_8d1793tw5s_vr4f15h0000gn/T/XcodeDistPipeline.~~~SempJA/Root 
2020-08-21 02:25:12 +0000  copying file ./BCSymbolMaps/B7EE0F15-BAB3-34B9-B48D-695D9A87B4AE.bcsymbolmap ... 
2020-08-21 02:25:12 +0000  582017 bytes for ./BCSymbolMaps/B7EE0F15-BAB3-34B9-B48D-695D9A87B4AE.bcsymbolmap
2020-08-21 02:25:12 +0000  copying file ./Payload/I Got Gas.app/_CodeSignature/CodeResources ... 
2020-08-21 02:25:12 +0000  5951 bytes for ./Payload/I Got Gas.app/_CodeSignature/CodeResources
copying file ./Payload/I Got Gas.app/AppIcon60x60@2x.png ... 
2020-08-21 02:25:12 +0000  5183 bytes for ./Payload/I Got Gas.app/AppIcon60x60@2x.png
copying file ./Payload/I Got Gas.app/Makes.txt ... 
2020-08-21 02:25:12 +0000  797 bytes for ./Payload/I Got Gas.app/Makes.txt
2020-08-21 02:25:12 +0000  copying file ./Payload/I Got Gas.app/Base.lproj/LaunchScreen.storyboardc/01J-lp-oVM-view-Ze5-6b-2t3.nib ... 
1197 bytes for ./Payload/I Got Gas.app/Base.lproj/LaunchScreen.storyboardc/01J-lp-oVM-view-Ze5-6b-2t3.nib
2020-08-21 02:25:12 +0000  copying file ./Payload/I Got Gas.app/Base.lproj/LaunchScreen.storyboardc/UIViewController-01J-lp-oVM.nib ... 
896 bytes for ./Payload/I Got Gas.app/Base.lproj/LaunchScreen.storyboardc/UIViewController-01J-lp-oVM.nib
copying file ./Payload/I Got Gas.app/Base.lproj/LaunchScreen.storyboardc/Info.plist ... 
2020-08-21 02:25:12 +0000  258 bytes for ./Payload/I Got Gas.app/Base.lproj/LaunchScreen.storyboardc/Info.plist
2020-08-21 02:25:12 +0000  copying file ./Payload/I Got Gas.app/I_Got_Gas.momd/VersionInfo.plist ... 
405 bytes for ./Payload/I Got Gas.app/I_Got_Gas.momd/VersionInfo.plist
copying file ./Payload/I Got Gas.app/I_Got_Gas.momd/I_Got_Gas.mom ... 
2020-08-21 02:25:12 +0000  6859 bytes for ./Payload/I Got Gas.app/I_Got_Gas.momd/I_Got_Gas.mom
2020-08-21 02:25:12 +0000  copying file ./Payload/I Got Gas.app/I_Got_Gas.momd/I_Got_Gas.omo ... 
2020-08-21 02:25:12 +0000  14880 bytes for ./Payload/I Got Gas.app/I_Got_Gas.momd/I_Got_Gas.omo
copying file ./Payload/I Got Gas.app/Assets.car ... 
2020-08-21 02:25:12 +0000  189599 bytes for ./Payload/I Got Gas.app/Assets.car
copying file ./Payload/I Got Gas.app/I Got Gas ... 
2020-08-21 02:25:12 +0000  2259568 bytes for ./Payload/I Got Gas.app/I Got Gas
2020-08-21 02:25:12 +0000  copying file ./Payload/I Got Gas.app/Rest Client/VehicleAPIClient.swift ... 
363 bytes for ./Payload/I Got Gas.app/Rest Client/VehicleAPIClient.swift
copying file ./Payload/I Got Gas.app/Rest Client/Models/NHTSAResponse.swift ... 
2020-08-21 02:25:12 +0000  384 bytes for ./Payload/I Got Gas.app/Rest Client/Models/NHTSAResponse.swift
copying file ./Payload/I Got Gas.app/Rest Client/Models/VINProperty.swift ... 
334 bytes for ./Payload/I Got Gas.app/Rest Client/Models/VINProperty.swift
copying file ./Payload/I Got Gas.app/Rest Client/Models/APIRequest.swift ... 
499 bytes for ./Payload/I Got Gas.app/Rest Client/Models/APIRequest.swift
2020-08-21 02:25:12 +0000  copying file ./Payload/I Got Gas.app/Rest Client/Models/ResultsContainer.swift ... 
172 bytes for ./Payload/I Got Gas.app/Rest Client/Models/ResultsContainer.swift
copying file ./Payload/I Got Gas.app/Rest Client/Requests/VINDecode.swift ... 
2020-08-21 02:25:12 +0000  652 bytes for ./Payload/I Got Gas.app/Rest Client/Requests/VINDecode.swift
copying file ./Payload/I Got Gas.app/embedded.mobileprovision ... 
2020-08-21 02:25:12 +0000  9345 bytes for ./Payload/I Got Gas.app/embedded.mobileprovision
copying file ./Payload/I Got Gas.app/Info.plist ... 
2020-08-21 02:25:12 +0000  1508 bytes for ./Payload/I Got Gas.app/Info.plist
copying file ./Payload/I Got Gas.app/PkgInfo ... 
8 bytes for ./Payload/I Got Gas.app/PkgInfo
2020-08-21 02:25:12 +0000  /usr/bin/ditto exited with 0
2020-08-21 02:25:12 +0000  Processing step: IDEDistributionAppStoreInformationStep
2020-08-21 02:25:12 +0000  Skipping step: IDEDistributionAppStoreInformationStep because it said so
2020-08-21 02:25:12 +0000  Processing step: IDEDistributionGenerateProcessedDistributionItems
2020-08-21 02:25:12 +0000  IDEDistributionItem init <DVTFilePath:0x7fd3ef0c0450:'/var/folders/31/3tqbh_8d1793tw5s_vr4f15h0000gn/T/XcodeDistPipeline.~~~SempJA/Root/Payload/I Got Gas.app'>
2020-08-21 02:25:12 +0000  Processing step: IDEDistributionCreateManifestStep
2020-08-21 02:25:12 +0000  Skipping step: IDEDistributionCreateManifestStep because it said so
